<?xml version="1.0" encoding="UTF-8"?>
<!-- Generated by org.testng.reporters.JUnitReportReporter -->
<testsuite hostname="DESKTOP-IH8BOCN" failures="0" tests="1" name="com.seleniumeasy.tests.SimpleFormTest" time="1138.091" errors="0" timestamp="2022-12-14T10:20:24 IST" skipped="0">
  <testcase classname="com.seleniumeasy.tests.SimpleFormTest" name="ReadExcelData" time="1138.091"/>
  <system-out/>
</testsuite> <!-- com.seleniumeasy.tests.SimpleFormTest -->
