<?xml version="1.0" encoding="UTF-8"?>
<!-- Generated by org.testng.reporters.JUnitReportReporter -->
<testsuite hostname="DESKTOP-IH8BOCN" failures="0" tests="1" name="com.seleniumeasy.tests.SimpleFormTest" time="0.001" errors="0" timestamp="2022-12-05T10:33:58 IST" skipped="0">
  <testcase classname="com.seleniumeasy.tests.SimpleFormTest" name="AnnotationDemonstration" time="0.001"/>
  <system-out/>
</testsuite> <!-- com.seleniumeasy.tests.SimpleFormTest -->
