<?xml version="1.0" encoding="UTF-8"?>
<!-- Generated by org.testng.reporters.JUnitReportReporter -->
<testsuite hostname="DESKTOP-IH8BOCN" failures="0" tests="1" name="com.seleniumeasy.homeTest.HomeTest" time="9.547" errors="0" timestamp="2022-12-05T10:01:50 IST" skipped="0">
  <testcase classname="com.seleniumeasy.homeTest.HomeTest" name="VerifySeleniumEasyHomePageIsDisplayedTest" time="9.547"/>
  <system-out/>
</testsuite> <!-- com.seleniumeasy.homeTest.HomeTest -->
