<?xml version="1.0" encoding="UTF-8"?>
<!-- Generated by org.testng.reporters.JUnitReportReporter -->
<testsuite hostname="DESKTOP-IH8BOCN" failures="0" tests="2" name="com.seleniumeasy.tests.HomeTest" time="12.293" errors="0" timestamp="2022-12-05T10:33:58 IST" skipped="0">
  <testcase classname="com.seleniumeasy.tests.HomeTest" name="VerifySeleniumEasyHomePageIsDisplayedTest" time="4.607"/>
  <system-out/>
  <testcase classname="com.seleniumeasy.tests.HomeTest" name="VerifySeleniumEasyHomeHeaderMenus" time="7.686"/>
  <system-out/>
</testsuite> <!-- com.seleniumeasy.tests.HomeTest -->
