<?xml version="1.0" encoding="UTF-8"?>
<!-- Generated by org.testng.reporters.JUnitReportReporter -->
<testsuite hostname="DESKTOP-IH8BOCN" failures="0" tests="2" name="com.seleniumeasy.tests.HomeTest" time="10.421" errors="0" timestamp="2022-12-07T10:45:12 IST" skipped="0">
  <testcase classname="com.seleniumeasy.tests.HomeTest" name="VerifySeleniumEasyHomePageIsDisplayedTest" time="3.259"/>
  <system-out/>
  <testcase classname="com.seleniumeasy.tests.HomeTest" name="VerifySeleniumEasyHomeHeaderMenus" time="7.162"/>
  <system-out/>
</testsuite> <!-- com.seleniumeasy.tests.HomeTest -->
