<?xml version="1.0" encoding="UTF-8"?>
<!-- Generated by org.testng.reporters.JUnitReportReporter -->
<testsuite hostname="DESKTOP-IH8BOCN" failures="0" tests="2" name="com.seleniumeasy.tests.SimpleFormTest" time="1.750" errors="0" timestamp="2022-12-07T10:47:58 IST" skipped="0">
  <testcase classname="com.seleniumeasy.tests.SimpleFormTest" name="AnnotationDemonstration" time="0.013"/>
  <system-out/>
  <testcase classname="com.seleniumeasy.tests.SimpleFormTest" name="ReadExcelData" time="1.737"/>
  <system-out/>
</testsuite> <!-- com.seleniumeasy.tests.SimpleFormTest -->
